<?xml version="1.0" encoding="UTF-8"?>
<testng-results ignored="0" total="1" passed="1" failed="0" skipped="0">
  <reporter-output>
  </reporter-output>
  <suite started-at="2021-11-08T04:40:28 IST" name="Default suite" finished-at="2021-11-08T04:40:34 IST" duration-ms="6806">
    <groups>
    </groups>
    <test started-at="2021-11-08T04:40:28 IST" name="Default test" finished-at="2021-11-08T04:40:34 IST" duration-ms="6806">
      <class name="Flipkart.Test.ValidateTitle">
        <test-method is-config="true" signature="initializer()[pri:0, instance:Flipkart.Test.ValidateTitle@60f7cc1d]" started-at="2021-11-08T04:40:28 IST" name="initializer" finished-at="2021-11-08T04:40:34 IST" duration-ms="6316" status="PASS">
          <reporter-output>
          </reporter-output>
        </test-method> <!-- initializer -->
        <test-method signature="basePageNavigation()[pri:0, instance:Flipkart.Test.ValidateTitle@60f7cc1d]" started-at="2021-11-08T04:40:34 IST" name="basePageNavigation" finished-at="2021-11-08T04:40:34 IST" duration-ms="178" status="PASS">
          <reporter-output>
          </reporter-output>
        </test-method> <!-- basePageNavigation -->
        <test-method is-config="true" signature="teardown()[pri:0, instance:Flipkart.Test.ValidateTitle@60f7cc1d]" started-at="2021-11-08T04:40:34 IST" name="teardown" finished-at="2021-11-08T04:40:34 IST" duration-ms="240" status="PASS">
          <reporter-output>
          </reporter-output>
        </test-method> <!-- teardown -->
      </class> <!-- Flipkart.Test.ValidateTitle -->
    </test> <!-- Default test -->
  </suite> <!-- Default suite -->
</testng-results>
