<?xml version="1.0" encoding="UTF-8"?>
<!-- Generated by org.testng.reporters.JUnitXMLReporter -->
<testsuite ignored="0" hostname="DESKTOP-EVUMI0M" failures="0" tests="4" name="Test" time="28.204" errors="0" timestamp="2021-11-08T04:42:50 IST">
  <testcase classname="io.cucumber.testng.AbstractTestNGCucumberTests" name="runScenario" time="4.337"/>
  <testcase classname="io.cucumber.testng.AbstractTestNGCucumberTests" name="runScenario" time="4.806"/>
  <testcase classname="Flipkart.Test.HomePage" name="basePageNavigation" time="0.923"/>
  <testcase classname="Flipkart.Test.HomePage" name="basePageNavigation" time="0.521"/>
</testsuite> <!-- Test -->
