<?xml version="1.0" encoding="UTF-8"?>
<!-- Generated by org.testng.reporters.JUnitXMLReporter -->
<testsuite ignored="0" hostname="DESKTOP-EVUMI0M" failures="0" tests="4" name="Test" time="35.125" errors="0" timestamp="2021-11-08T05:02:45 IST">
  <testcase classname="io.cucumber.testng.AbstractTestNGCucumberTests" name="runScenario" time="7.997"/>
  <testcase classname="io.cucumber.testng.AbstractTestNGCucumberTests" name="runScenario" time="4.044"/>
  <testcase classname="Flipkart.Test.HomePage" name="basePageNavigation" time="0.574"/>
  <testcase classname="Flipkart.Test.HomePage" name="basePageNavigation" time="0.676"/>
</testsuite> <!-- Test -->
