<?xml version="1.0" encoding="UTF-8"?>
<!-- Generated by org.testng.reporters.JUnitXMLReporter -->
<testsuite ignored="0" hostname="DESKTOP-EVUMI0M" failures="1" tests="1" name="test3" time="8.732" errors="0" timestamp="2021-10-28T14:32:10 IST">
  <testcase classname="Flipkart.Test.ValidateTitle" name="basePageNavigation" time="0.075">
    <failure type="java.lang.AssertionError" message="expected [Top fffers] but found [Top Offers]">
      <![CDATA[java.lang.AssertionError: expected [Top fffers] but found [Top Offers]
at Flipkart.Test.ValidateTitle.basePageNavigation(ValidateTitle.java:38)
at java.base/java.util.ArrayList.forEach(ArrayList.java:1541)
... Removed 33 stack frames]]>
    </failure>
  </testcase> <!-- basePageNavigation -->
</testsuite> <!-- test3 -->
