<?xml version="1.0" encoding="UTF-8"?>
<!-- Generated by org.testng.reporters.JUnitXMLReporter -->
<testsuite ignored="0" hostname="DESKTOP-EVUMI0M" failures="0" tests="4" name="Test" time="26.358" errors="0" timestamp="2021-11-08T04:34:20 IST">
  <testcase classname="io.cucumber.testng.AbstractTestNGCucumberTests" name="runScenario" time="5.989"/>
  <testcase classname="io.cucumber.testng.AbstractTestNGCucumberTests" name="runScenario" time="4.48"/>
  <testcase classname="Flipkart.Test.HomePage" name="basePageNavigation" time="0.515"/>
  <testcase classname="Flipkart.Test.HomePage" name="basePageNavigation" time="0.529"/>
</testsuite> <!-- Test -->
